<?xml version="1.0" encoding="UTF-8"?>
<testng-results skipped="0" failed="0" ignored="0" total="1" passed="1">
  <reporter-output>
  </reporter-output>
  <suite name="Default suite" duration-ms="14896" started-at="2019-08-16T07:46:05Z" finished-at="2019-08-16T07:46:20Z">
    <groups>
    </groups>
    <test name="Default test" duration-ms="14896" started-at="2019-08-16T07:46:05Z" finished-at="2019-08-16T07:46:20Z">
      <class name="Test1.ProjectTest1">
        <test-method status="PASS" signature="test1()[pri:0, instance:Test1.ProjectTest1@675d3402]" name="test1" duration-ms="14848" started-at="2019-08-16T07:46:05Z" finished-at="2019-08-16T07:46:20Z">
          <reporter-output>
          </reporter-output>
        </test-method> <!-- test1 -->
      </class> <!-- Test1.ProjectTest1 -->
    </test> <!-- Default test -->
  </suite> <!-- Default suite -->
</testng-results>
